{
  "Cucumber Features": {
    "coverage": {
      "/home/choocku/myrottenpotatoes/app/models/moviegoer.rb": [
        0,
        0,
        0,
        0,
        0,
        0,
        0,
        0,
        0,
        0,
        0,
        0,
        0
      ],
      "/home/choocku/myrottenpotatoes/app/models/movie.rb": [
        0,
        0,
        0,
        0,
        0,
        0,
        0,
        0,
        0,
        0,
        0,
        0,
        0,
        0,
        0,
        0,
        0,
        0,
        0,
        0,
        0,
        0,
        0,
        0,
        0,
        0,
        0,
        0,
        0,
        0,
        0,
        0,
        0,
        0,
        0,
        0,
        0,
        0,
        0,
        0,
        0,
        0,
        0,
        0,
        0,
        0,
        0,
        0,
        0,
        0
      ],
      "/home/choocku/myrottenpotatoes/app/models/review.rb": [
        0,
        0,
        0,
        0,
        0
      ],
      "/home/choocku/myrottenpotatoes/app/controllers/sessions_controller.rb": [
        0,
        0,
        0,
        0,
        0,
        0,
        0,
        0,
        0,
        0,
        0,
        0,
        0,
        0,
        0,
        0,
        0,
        0,
        0,
        0,
        0
      ],
      "/home/choocku/myrottenpotatoes/app/controllers/movies_controller.rb": [
        0,
        0,
        0,
        0,
        0,
        0,
        0,
        0,
        0,
        0,
        0,
        0,
        0,
        0,
        0,
        0,
        0,
        0,
        0,
        0,
        0,
        0,
        0,
        0,
        0,
        0,
        0,
        0,
        0,
        0,
        0,
        0,
        0,
        0,
        0,
        0,
        0,
        0,
        0,
        0,
        0,
        0,
        0,
        0,
        0,
        0,
        0,
        0,
        0,
        0,
        0,
        0,
        0,
        0,
        0,
        0,
        0,
        0,
        0,
        0
      ],
      "/home/choocku/myrottenpotatoes/app/controllers/application_controller.rb": [
        0,
        0,
        0,
        0,
        0,
        0,
        0,
        0,
        0,
        0
      ],
      "/home/choocku/myrottenpotatoes/app/controllers/reviews_controller.rb": [
        0,
        0,
        0,
        0,
        0,
        0,
        0,
        0,
        0,
        0,
        0,
        0,
        0,
        0,
        0,
        0,
        0,
        0,
        0,
        0,
        0,
        0,
        0,
        0,
        0,
        0
      ],
      "/home/choocku/myrottenpotatoes/app/helpers/application_helper.rb": [
        0,
        0
      ]
    },
    "timestamp": 1463416814
  },
  "RSpec": {
    "coverage": {
      "/home/choocku/myrottenpotatoes/app/helpers/application_helper.rb": [
        1,
        null
      ],
      "/home/choocku/myrottenpotatoes/app/controllers/movies_controller.rb": [
        null,
        1,
        1,
        0,
        0,
        0,
        0,
        0,
        0,
        0,
        0,
        null,
        null,
        null,
        null,
        1,
        0,
        0,
        0,
        null,
        null,
        null,
        null,
        1,
        0,
        0,
        0,
        0,
        null,
        0,
        null,
        null,
        null,
        null,
        1,
        0,
        0,
        0,
        0,
        null,
        0,
        null,
        null,
        null,
        null,
        1,
        0,
        null,
        null,
        1,
        0,
        null,
        null,
        1,
        0,
        0,
        0,
        0,
        null,
        null,
        1,
        3,
        3,
        3,
        0,
        0,
        null,
        null,
        null
      ],
      "/home/choocku/myrottenpotatoes/app/controllers/application_controller.rb": [
        1,
        1,
        null,
        1,
        1,
        null,
        0,
        0,
        null,
        null
      ],
      "/home/choocku/myrottenpotatoes/app/models/movie.rb": [
        1,
        1,
        1,
        null,
        1,
        null,
        1,
        0,
        0,
        null,
        null,
        1,
        0,
        null,
        null,
        1,
        1,
        0,
        null,
        null,
        null,
        null,
        null,
        null,
        null,
        1,
        2,
        2,
        1,
        0,
        null,
        null,
        0,
        0,
        null,
        0,
        null,
        null,
        1,
        1,
        null,
        0,
        null,
        null,
        null,
        null,
        null,
        null,
        null
      ],
      "/home/choocku/myrottenpotatoes/app/models/moviegoer.rb": [
        0,
        0,
        0,
        0,
        0,
        0,
        0,
        0,
        0,
        0,
        0,
        0,
        0
      ],
      "/home/choocku/myrottenpotatoes/app/models/review.rb": [
        0,
        0,
        0,
        0,
        0
      ],
      "/home/choocku/myrottenpotatoes/app/controllers/sessions_controller.rb": [
        0,
        0,
        0,
        0,
        0,
        0,
        0,
        0,
        0,
        0,
        0,
        0,
        0,
        0,
        0,
        0,
        0,
        0,
        0,
        0,
        0
      ],
      "/home/choocku/myrottenpotatoes/app/controllers/reviews_controller.rb": [
        0,
        0,
        0,
        0,
        0,
        0,
        0,
        0,
        0,
        0,
        0,
        0,
        0,
        0,
        0,
        0,
        0,
        0,
        0,
        0,
        0,
        0,
        0,
        0,
        0,
        0
      ]
    },
    "timestamp": 1463418721
  }
}
